The system is: Windows - 6.2 - x86
Determining if the C compiler works passed with the following output:
Change Dir: C:/Users/Alan/workspace/innoextract/jni/innoextract/fresh/CMakeFiles/CMakeTmp

Run Build Command:C:/NVPACK/cygwin/bin/make.exe "cmTryCompileExec1305484455/fast"
/usr/bin/make -f CMakeFiles/cmTryCompileExec1305484455.dir/build.make CMakeFiles/cmTryCompileExec1305484455.dir/build
make[1]: Entering directory `/cygdrive/c/Users/Alan/workspace/innoextract/jni/innoextract/fresh/CMakeFiles/CMakeTmp'
"D:/Program Files (x86)/CMake 2.8/bin/cmake.exe" -E cmake_progress_report C:/Users/Alan/workspace/innoextract/jni/innoextract/fresh/CMakeFiles/CMakeTmp/CMakeFiles 1
Building C object CMakeFiles/cmTryCompileExec1305484455.dir/testCCompiler.c.obj
C:/NVPACK/cygwin/bin/cc.exe    -o CMakeFiles/cmTryCompileExec1305484455.dir/testCCompiler.c.obj   -c C:/Users/Alan/workspace/innoextract/jni/innoextract/fresh/CMakeFiles/CMakeTmp/testCCompiler.c
cygwin warning:
  MS-DOS style path detected: C:/Users/Alan/workspace/innoextract/jni/innoextract/fresh/CMakeFiles/CMakeTmp/testCCompiler.c
  Preferred POSIX equivalent is: /cygdrive/c/Users/Alan/workspace/innoextract/jni/innoextract/fresh/CMakeFiles/CMakeTmp/testCCompiler.c
  CYGWIN environment variable option "nodosfilewarning" turns off this warning.
  Consult the user's guide for more details about POSIX paths:
    http://cygwin.com/cygwin-ug-net/using.html#using-pathnames
Linking C executable cmTryCompileExec1305484455.exe
C:/NVPACK/cygwin/bin/cc.exe         "CMakeFiles/cmTryCompileExec1305484455.dir/testCCompiler.c.obj"   -o cmTryCompileExec1305484455.exe  
make[1]: Leaving directory `/cygdrive/c/Users/Alan/workspace/innoextract/jni/innoextract/fresh/CMakeFiles/CMakeTmp'


Determining if the CXX compiler works passed with the following output:
Change Dir: C:/Users/Alan/workspace/innoextract/jni/innoextract/fresh/CMakeFiles/CMakeTmp

Run Build Command:C:/NVPACK/cygwin/bin/make.exe "cmTryCompileExec304987991/fast"
/usr/bin/make -f CMakeFiles/cmTryCompileExec304987991.dir/build.make CMakeFiles/cmTryCompileExec304987991.dir/build
make[1]: Entering directory `/cygdrive/c/Users/Alan/workspace/innoextract/jni/innoextract/fresh/CMakeFiles/CMakeTmp'
"D:/Program Files (x86)/CMake 2.8/bin/cmake.exe" -E cmake_progress_report C:/Users/Alan/workspace/innoextract/jni/innoextract/fresh/CMakeFiles/CMakeTmp/CMakeFiles 1
Building CXX object CMakeFiles/cmTryCompileExec304987991.dir/testCXXCompiler.cxx.obj
C:/NVPACK/cygwin/bin/c++.exe     -o CMakeFiles/cmTryCompileExec304987991.dir/testCXXCompiler.cxx.obj -c C:/Users/Alan/workspace/innoextract/jni/innoextract/fresh/CMakeFiles/CMakeTmp/testCXXCompiler.cxx
Linking CXX executable cmTryCompileExec304987991.exe
C:/NVPACK/cygwin/bin/c++.exe          "CMakeFiles/cmTryCompileExec304987991.dir/testCXXCompiler.cxx.obj"   -o cmTryCompileExec304987991.exe  
make[1]: Leaving directory `/cygdrive/c/Users/Alan/workspace/innoextract/jni/innoextract/fresh/CMakeFiles/CMakeTmp'


